#-----------------------------------------------------------
# Vivado v2018.3 (64-bit)
# SW Build 2405991 on Thu Dec  6 23:38:27 MST 2018
# IP Build 2404404 on Fri Dec  7 01:43:56 MST 2018
# Start of session at: Thu Jul 15 13:22:12 2021
# Process ID: 7148
# Current directory: C:/Users/Administrator/Desktop/miniRV_1
# Command line: vivado.exe -gui_launcher_event rodinguilauncherevent9948 C:\Users\Administrator\Desktop\miniRV_1\miniRV_1.xpr
# Log file: C:/Users/Administrator/Desktop/miniRV_1/vivado.log
# Journal file: C:/Users/Administrator/Desktop/miniRV_1\vivado.jou
#-----------------------------------------------------------
start_gui
open_project C:/Users/Administrator/Desktop/miniRV_1/miniRV_1.xpr
Scanning sources...
Finished scanning sources
INFO: [IP_Flow 19-234] Refreshing IP repositories
INFO: [IP_Flow 19-1704] No user IP repositories specified
INFO: [IP_Flow 19-2313] Loaded Vivado IP repository 'C:/Xilinx/Vivado/2018.3/data/ip'.
open_project: Time (s): cpu = 00:00:16 ; elapsed = 00:00:10 . Memory (MB): peak = 920.184 ; gain = 283.586
update_compile_order -fileset sources_1
WARNING: [filemgmt 56-199] Attempt to get parsing info during refresh. "On-the-fly" syntax checking information may be incorrect. [C:/Users/Administrator/Desktop/miniRV_1/miniRV_1.srcs/sources_1/new/top.v:]
WARNING: [filemgmt 56-199] Attempt to get parsing info during refresh. "On-the-fly" syntax checking information may be incorrect. [C:/Users/Administrator/Desktop/miniRV_1/miniRV_1.srcs/sources_1/new/miniRV.v:]
ERROR: [Common 17-180] Spawn failed: No error
launch_simulation
INFO: [Vivado 12-5698] Checking validity of IPs in the design for the 'XSim' simulator...
INFO: [Vivado 12-5682] Launching behavioral simulation in 'C:/Users/Administrator/Desktop/miniRV_1/miniRV_1.sim/sim_1/behav/xsim'
INFO: [Vivado 12-4795] Using compiled simulation libraries for IPs
INFO: [SIM-utils-51] Simulation object is 'sim_1'
INFO: [USF-XSim-7] Finding pre-compiled libraries...
INFO: [USF-XSim-11] File 'C:/Xilinx/Vivado/2018.3/data/xsim/xsim.ini' copied to run dir:'C:/Users/Administrator/Desktop/miniRV_1/miniRV_1.sim/sim_1/behav/xsim'
INFO: [SIM-utils-54] Inspecting design source files for 'miniRV_sim' in fileset 'sim_1'...
INFO: [SIM-utils-43] Exported 'C:/Users/Administrator/Desktop/miniRV_1/miniRV_1.sim/sim_1/behav/xsim/inst_mem.mif'
INFO: [SIM-utils-43] Exported 'C:/Users/Administrator/Desktop/miniRV_1/miniRV_1.sim/sim_1/behav/xsim/test.coe'
INFO: [USF-XSim-97] Finding global include files...
INFO: [USF-XSim-98] Fetching design files from 'sim_1'...
INFO: [USF-XSim-2] XSim::Compile design
INFO: [USF-XSim-61] Executing 'COMPILE and ANALYZE' step in 'C:/Users/Administrator/Desktop/miniRV_1/miniRV_1.sim/sim_1/behav/xsim'
"xvlog --incr --relax -prj miniRV_sim_vlog.prj"
INFO: [VRFC 10-2263] Analyzing Verilog file "C:/Users/Administrator/Desktop/miniRV_1/miniRV_1.srcs/sources_1/ip/cpuclk/cpuclk_clk_wiz.v" into library xil_defaultlib
INFO: [VRFC 10-311] analyzing module cpuclk_clk_wiz
INFO: [VRFC 10-2263] Analyzing Verilog file "C:/Users/Administrator/Desktop/miniRV_1/miniRV_1.srcs/sources_1/ip/cpuclk/cpuclk.v" into library xil_defaultlib
INFO: [VRFC 10-311] analyzing module cpuclk
INFO: [VRFC 10-2263] Analyzing Verilog file "C:/Users/Administrator/Desktop/miniRV_1/miniRV_1.srcs/sources_1/ip/data_mem/sim/data_mem.v" into library xil_defaultlib
INFO: [VRFC 10-311] analyzing module data_mem
INFO: [VRFC 10-2263] Analyzing Verilog file "C:/Users/Administrator/Desktop/miniRV_1/miniRV_1.srcs/sources_1/ip/inst_mem/sim/inst_mem.v" into library xil_defaultlib
INFO: [VRFC 10-311] analyzing module inst_mem
INFO: [VRFC 10-2263] Analyzing Verilog file "C:/Users/Administrator/Desktop/miniRV_1/miniRV_1.srcs/sources_1/new/ALU.v" into library xil_defaultlib
INFO: [VRFC 10-311] analyzing module ALU
INFO: [VRFC 10-2263] Analyzing Verilog file "C:/Users/Administrator/Desktop/miniRV_1/miniRV_1.srcs/sources_1/new/Branch.v" into library xil_defaultlib
INFO: [VRFC 10-311] analyzing module Branch
INFO: [VRFC 10-2263] Analyzing Verilog file "C:/Users/Administrator/Desktop/miniRV_1/miniRV_1.srcs/sources_1/new/Control.v" into library xil_defaultlib
INFO: [VRFC 10-311] analyzing module Control
INFO: [VRFC 10-2263] Analyzing Verilog file "C:/Users/Administrator/Desktop/miniRV_1/miniRV_1.srcs/sources_1/new/DMem.v" into library xil_defaultlib
INFO: [VRFC 10-311] analyzing module DMem
INFO: [VRFC 10-2263] Analyzing Verilog file "C:/Users/Administrator/Desktop/miniRV_1/miniRV_1.srcs/sources_1/new/EX_MEM_Reg.v" into library xil_defaultlib
INFO: [VRFC 10-311] analyzing module EX_MEM_Reg
INFO: [VRFC 10-2263] Analyzing Verilog file "C:/Users/Administrator/Desktop/miniRV_1/miniRV_1.srcs/sources_1/new/Hazard.v" into library xil_defaultlib
INFO: [VRFC 10-311] analyzing module Hazard
INFO: [VRFC 10-2263] Analyzing Verilog file "C:/Users/Administrator/Desktop/miniRV_1/miniRV_1.srcs/sources_1/new/ID_EX_Reg.v" into library xil_defaultlib
INFO: [VRFC 10-311] analyzing module ID_EX_Reg
INFO: [VRFC 10-2263] Analyzing Verilog file "C:/Users/Administrator/Desktop/miniRV_1/miniRV_1.srcs/sources_1/new/IF_ID_Reg.v" into library xil_defaultlib
INFO: [VRFC 10-311] analyzing module IF_ID_Reg
INFO: [VRFC 10-2263] Analyzing Verilog file "C:/Users/Administrator/Desktop/miniRV_1/miniRV_1.srcs/sources_1/new/IMem.v" into library xil_defaultlib
INFO: [VRFC 10-311] analyzing module IMem
INFO: [VRFC 10-2263] Analyzing Verilog file "C:/Users/Administrator/Desktop/miniRV_1/miniRV_1.srcs/sources_1/new/ImmGen.v" into library xil_defaultlib
INFO: [VRFC 10-311] analyzing module ImmGen
INFO: [VRFC 10-2263] Analyzing Verilog file "C:/Users/Administrator/Desktop/miniRV_1/miniRV_1.srcs/sources_1/new/MEM_WB_Reg.v" into library xil_defaultlib
INFO: [VRFC 10-311] analyzing module MEM_WB_Reg
INFO: [VRFC 10-2263] Analyzing Verilog file "C:/Users/Administrator/Desktop/miniRV_1/miniRV_1.srcs/sources_1/new/NextPC.v" into library xil_defaultlib
INFO: [VRFC 10-311] analyzing module NextPC
INFO: [VRFC 10-2263] Analyzing Verilog file "C:/Users/Administrator/Desktop/miniRV_1/miniRV_1.srcs/sources_1/new/PC.v" into library xil_defaultlib
INFO: [VRFC 10-311] analyzing module PC
INFO: [VRFC 10-2263] Analyzing Verilog file "C:/Users/Administrator/Desktop/miniRV_1/miniRV_1.srcs/sources_1/new/RegFile.v" into library xil_defaultlib
INFO: [VRFC 10-311] analyzing module RegFile
INFO: [VRFC 10-2263] Analyzing Verilog file "C:/Users/Administrator/Desktop/miniRV_1/miniRV_1.srcs/sources_1/new/miniRV.v" into library xil_defaultlib
INFO: [VRFC 10-311] analyzing module miniRV
INFO: [VRFC 10-2263] Analyzing Verilog file "C:/Users/Administrator/Desktop/miniRV_1/miniRV_1.srcs/sim_1/new/miniRV_sim.v" into library xil_defaultlib
INFO: [VRFC 10-311] analyzing module miniRV_sim
INFO: [USF-XSim-69] 'compile' step finished in '1' seconds
INFO: [USF-XSim-3] XSim::Elaborate design
INFO: [USF-XSim-61] Executing 'ELABORATE' step in 'C:/Users/Administrator/Desktop/miniRV_1/miniRV_1.sim/sim_1/behav/xsim'
Vivado Simulator 2018.3
Copyright 1986-1999, 2001-2018 Xilinx, Inc. All Rights Reserved.
Running: C:/Xilinx/Vivado/2018.3/bin/unwrapped/win64.o/xelab.exe -wto 917a801b06ea4e81bd31b10697ed07b9 --incr --debug typical --relax --mt 2 -L xil_defaultlib -L dist_mem_gen_v8_0_12 -L unisims_ver -L unimacro_ver -L secureip -L xpm --snapshot miniRV_sim_behav xil_defaultlib.miniRV_sim xil_defaultlib.glbl -log elaborate.log 
Using 2 slave threads.
Starting static elaboration
Completed static elaboration
Starting simulation data flow analysis
Completed simulation data flow analysis
Time Resolution for simulation is 1ps
Compiling module xil_defaultlib.NextPC
Compiling module xil_defaultlib.PC
Compiling module dist_mem_gen_v8_0_12.dist_mem_gen_v8_0_12(C_FAMILY="a...
Compiling module xil_defaultlib.inst_mem
Compiling module xil_defaultlib.IMem
Compiling module xil_defaultlib.RegFile
Compiling module xil_defaultlib.ImmGen
Compiling module xil_defaultlib.Branch
Compiling module xil_defaultlib.ALU
Compiling module dist_mem_gen_v8_0_12.dist_mem_gen_v8_0_12(C_FAMILY="a...
Compiling module xil_defaultlib.data_mem
Compiling module xil_defaultlib.DMem
Compiling module xil_defaultlib.Control
Compiling module unisims_ver.IBUF
Compiling module unisims_ver.PLLE2_ADV(CLKFBOUT_MULT=33,CLKIN...
Compiling module unisims_ver.BUFG
Compiling module xil_defaultlib.cpuclk_clk_wiz
Compiling module xil_defaultlib.cpuclk
Compiling module xil_defaultlib.IF_ID_Reg
Compiling module xil_defaultlib.ID_EX_Reg
Compiling module xil_defaultlib.EX_MEM_Reg
Compiling module xil_defaultlib.MEM_WB_Reg
Compiling module xil_defaultlib.Hazard
Compiling module xil_defaultlib.miniRV
Compiling module xil_defaultlib.miniRV_sim
Compiling module xil_defaultlib.glbl
Built simulation snapshot miniRV_sim_behav
INFO: [USF-XSim-69] 'elaborate' step finished in '3' seconds
INFO: [USF-XSim-4] XSim::Simulate design
INFO: [USF-XSim-61] Executing 'SIMULATE' step in 'C:/Users/Administrator/Desktop/miniRV_1/miniRV_1.sim/sim_1/behav/xsim'
INFO: [USF-XSim-98] *** Running xsim
   with args "miniRV_sim_behav -key {Behavioral:sim_1:Functional:miniRV_sim} -tclbatch {miniRV_sim.tcl} -view {C:/Users/Administrator/Desktop/miniRV_1/miniRV_sim_behav.wcfg} -log {simulate.log}"
INFO: [USF-XSim-8] Loading simulator feature
Vivado Simulator 2018.3
Time resolution is 1 ps
open_wave_config C:/Users/Administrator/Desktop/miniRV_1/miniRV_sim_behav.wcfg
source miniRV_sim.tcl
# set curr_wave [current_wave_config]
# if { [string length $curr_wave] == 0 } {
#   if { [llength [get_objects]] > 0} {
#     add_wave /
#     set_property needs_save false [current_wave_config]
#   } else {
#      send_msg_id Add_Wave-1 WARNING "No top level signals found. Simulator will start without a wave window. If you want to open a wave window go to 'File->New Waveform Configuration' or type 'create_wave_config' in the TCL console."
#   }
# }
# run 1000ns
WARNING: This core is supplied with a behavioral model. To model cycle-accurate behavior you must run timing simulation.
WARNING: This core is supplied with a behavioral model. To model cycle-accurate behavior you must run timing simulation.
Warning : input CLKIN1 period and attribute CLKIN1_PERIOD on PLLE2_ADV instance miniRV_sim.miniRV_u.UCLK.inst.plle2_adv_inst are not same.
INFO: [USF-XSim-96] XSim completed. Design snapshot 'miniRV_sim_behav' loaded.
INFO: [USF-XSim-97] XSim simulation ran for 1000ns
launch_simulation: Time (s): cpu = 00:00:04 ; elapsed = 00:00:07 . Memory (MB): peak = 958.844 ; gain = 0.000
current_wave_config {miniRV_sim_behav.wcfg}
miniRV_sim_behav.wcfg
add_wave {{/miniRV_sim/miniRV_u/IF_PC_pc}} 
current_wave_config {miniRV_sim_behav.wcfg}
miniRV_sim_behav.wcfg
add_wave {{/miniRV_sim/miniRV_u/ID_PC_pc}} 
current_wave_config {miniRV_sim_behav.wcfg}
miniRV_sim_behav.wcfg
add_wave {{/miniRV_sim/miniRV_u/EX_PC_pc}} 
current_wave_config {miniRV_sim_behav.wcfg}
miniRV_sim_behav.wcfg
add_wave {{/miniRV_sim/miniRV_u/MEM_PC_pc}} 
current_wave_config {miniRV_sim_behav.wcfg}
miniRV_sim_behav.wcfg
add_wave {{/miniRV_sim/miniRV_u/WB_PC_pc}} 
save_wave_config {C:/Users/Administrator/Desktop/miniRV_1/miniRV_sim_behav.wcfg}
close_sim
INFO: [Simtcl 6-16] Simulation closed
launch_simulation
INFO: [Vivado 12-5698] Checking validity of IPs in the design for the 'XSim' simulator...
INFO: [Vivado 12-5682] Launching behavioral simulation in 'C:/Users/Administrator/Desktop/miniRV_1/miniRV_1.sim/sim_1/behav/xsim'
INFO: [Vivado 12-4795] Using compiled simulation libraries for IPs
INFO: [SIM-utils-51] Simulation object is 'sim_1'
INFO: [USF-XSim-7] Finding pre-compiled libraries...
INFO: [USF-XSim-11] File 'C:/Xilinx/Vivado/2018.3/data/xsim/xsim.ini' copied to run dir:'C:/Users/Administrator/Desktop/miniRV_1/miniRV_1.sim/sim_1/behav/xsim'
INFO: [SIM-utils-54] Inspecting design source files for 'miniRV_sim' in fileset 'sim_1'...
INFO: [SIM-utils-43] Exported 'C:/Users/Administrator/Desktop/miniRV_1/miniRV_1.sim/sim_1/behav/xsim/inst_mem.mif'
INFO: [SIM-utils-43] Exported 'C:/Users/Administrator/Desktop/miniRV_1/miniRV_1.sim/sim_1/behav/xsim/test.coe'
INFO: [USF-XSim-97] Finding global include files...
INFO: [USF-XSim-98] Fetching design files from 'sim_1'...
INFO: [USF-XSim-2] XSim::Compile design
INFO: [USF-XSim-61] Executing 'COMPILE and ANALYZE' step in 'C:/Users/Administrator/Desktop/miniRV_1/miniRV_1.sim/sim_1/behav/xsim'
"xvlog --incr --relax -prj miniRV_sim_vlog.prj"
INFO: [VRFC 10-2263] Analyzing Verilog file "C:/Users/Administrator/Desktop/miniRV_1/miniRV_1.srcs/sources_1/ip/cpuclk/cpuclk_clk_wiz.v" into library xil_defaultlib
INFO: [VRFC 10-311] analyzing module cpuclk_clk_wiz
INFO: [VRFC 10-2263] Analyzing Verilog file "C:/Users/Administrator/Desktop/miniRV_1/miniRV_1.srcs/sources_1/ip/cpuclk/cpuclk.v" into library xil_defaultlib
INFO: [VRFC 10-311] analyzing module cpuclk
INFO: [VRFC 10-2263] Analyzing Verilog file "C:/Users/Administrator/Desktop/miniRV_1/miniRV_1.srcs/sources_1/ip/data_mem/sim/data_mem.v" into library xil_defaultlib
INFO: [VRFC 10-311] analyzing module data_mem
INFO: [VRFC 10-2263] Analyzing Verilog file "C:/Users/Administrator/Desktop/miniRV_1/miniRV_1.srcs/sources_1/ip/inst_mem/sim/inst_mem.v" into library xil_defaultlib
INFO: [VRFC 10-311] analyzing module inst_mem
INFO: [VRFC 10-2263] Analyzing Verilog file "C:/Users/Administrator/Desktop/miniRV_1/miniRV_1.srcs/sources_1/new/ALU.v" into library xil_defaultlib
INFO: [VRFC 10-311] analyzing module ALU
INFO: [VRFC 10-2263] Analyzing Verilog file "C:/Users/Administrator/Desktop/miniRV_1/miniRV_1.srcs/sources_1/new/Branch.v" into library xil_defaultlib
INFO: [VRFC 10-311] analyzing module Branch
INFO: [VRFC 10-2263] Analyzing Verilog file "C:/Users/Administrator/Desktop/miniRV_1/miniRV_1.srcs/sources_1/new/Control.v" into library xil_defaultlib
INFO: [VRFC 10-311] analyzing module Control
INFO: [VRFC 10-2263] Analyzing Verilog file "C:/Users/Administrator/Desktop/miniRV_1/miniRV_1.srcs/sources_1/new/DMem.v" into library xil_defaultlib
INFO: [VRFC 10-311] analyzing module DMem
INFO: [VRFC 10-2263] Analyzing Verilog file "C:/Users/Administrator/Desktop/miniRV_1/miniRV_1.srcs/sources_1/new/EX_MEM_Reg.v" into library xil_defaultlib
INFO: [VRFC 10-311] analyzing module EX_MEM_Reg
INFO: [VRFC 10-2263] Analyzing Verilog file "C:/Users/Administrator/Desktop/miniRV_1/miniRV_1.srcs/sources_1/new/Hazard.v" into library xil_defaultlib
INFO: [VRFC 10-311] analyzing module Hazard
INFO: [VRFC 10-2263] Analyzing Verilog file "C:/Users/Administrator/Desktop/miniRV_1/miniRV_1.srcs/sources_1/new/ID_EX_Reg.v" into library xil_defaultlib
INFO: [VRFC 10-311] analyzing module ID_EX_Reg
INFO: [VRFC 10-2263] Analyzing Verilog file "C:/Users/Administrator/Desktop/miniRV_1/miniRV_1.srcs/sources_1/new/IF_ID_Reg.v" into library xil_defaultlib
INFO: [VRFC 10-311] analyzing module IF_ID_Reg
INFO: [VRFC 10-2263] Analyzing Verilog file "C:/Users/Administrator/Desktop/miniRV_1/miniRV_1.srcs/sources_1/new/IMem.v" into library xil_defaultlib
INFO: [VRFC 10-311] analyzing module IMem
INFO: [VRFC 10-2263] Analyzing Verilog file "C:/Users/Administrator/Desktop/miniRV_1/miniRV_1.srcs/sources_1/new/ImmGen.v" into library xil_defaultlib
INFO: [VRFC 10-311] analyzing module ImmGen
INFO: [VRFC 10-2263] Analyzing Verilog file "C:/Users/Administrator/Desktop/miniRV_1/miniRV_1.srcs/sources_1/new/MEM_WB_Reg.v" into library xil_defaultlib
INFO: [VRFC 10-311] analyzing module MEM_WB_Reg
INFO: [VRFC 10-2263] Analyzing Verilog file "C:/Users/Administrator/Desktop/miniRV_1/miniRV_1.srcs/sources_1/new/NextPC.v" into library xil_defaultlib
INFO: [VRFC 10-311] analyzing module NextPC
INFO: [VRFC 10-2263] Analyzing Verilog file "C:/Users/Administrator/Desktop/miniRV_1/miniRV_1.srcs/sources_1/new/PC.v" into library xil_defaultlib
INFO: [VRFC 10-311] analyzing module PC
INFO: [VRFC 10-2263] Analyzing Verilog file "C:/Users/Administrator/Desktop/miniRV_1/miniRV_1.srcs/sources_1/new/RegFile.v" into library xil_defaultlib
INFO: [VRFC 10-311] analyzing module RegFile
INFO: [VRFC 10-2263] Analyzing Verilog file "C:/Users/Administrator/Desktop/miniRV_1/miniRV_1.srcs/sources_1/new/miniRV.v" into library xil_defaultlib
INFO: [VRFC 10-311] analyzing module miniRV
INFO: [VRFC 10-2263] Analyzing Verilog file "C:/Users/Administrator/Desktop/miniRV_1/miniRV_1.srcs/sim_1/new/miniRV_sim.v" into library xil_defaultlib
INFO: [VRFC 10-311] analyzing module miniRV_sim
INFO: [USF-XSim-69] 'compile' step finished in '1' seconds
INFO: [USF-XSim-3] XSim::Elaborate design
INFO: [USF-XSim-61] Executing 'ELABORATE' step in 'C:/Users/Administrator/Desktop/miniRV_1/miniRV_1.sim/sim_1/behav/xsim'
Vivado Simulator 2018.3
Copyright 1986-1999, 2001-2018 Xilinx, Inc. All Rights Reserved.
Running: C:/Xilinx/Vivado/2018.3/bin/unwrapped/win64.o/xelab.exe -wto 917a801b06ea4e81bd31b10697ed07b9 --incr --debug typical --relax --mt 2 -L xil_defaultlib -L dist_mem_gen_v8_0_12 -L unisims_ver -L unimacro_ver -L secureip -L xpm --snapshot miniRV_sim_behav xil_defaultlib.miniRV_sim xil_defaultlib.glbl -log elaborate.log 
Using 2 slave threads.
Starting static elaboration
Completed static elaboration
Starting simulation data flow analysis
Completed simulation data flow analysis
Time Resolution for simulation is 1ps
Compiling module xil_defaultlib.NextPC
Compiling module xil_defaultlib.PC
Compiling module dist_mem_gen_v8_0_12.dist_mem_gen_v8_0_12(C_FAMILY="a...
Compiling module xil_defaultlib.inst_mem
Compiling module xil_defaultlib.IMem
Compiling module xil_defaultlib.RegFile
Compiling module xil_defaultlib.ImmGen
Compiling module xil_defaultlib.Branch
Compiling module xil_defaultlib.ALU
Compiling module dist_mem_gen_v8_0_12.dist_mem_gen_v8_0_12(C_FAMILY="a...
Compiling module xil_defaultlib.data_mem
Compiling module xil_defaultlib.DMem
Compiling module xil_defaultlib.Control
Compiling module unisims_ver.IBUF
Compiling module unisims_ver.PLLE2_ADV(CLKFBOUT_MULT=33,CLKIN...
Compiling module unisims_ver.BUFG
Compiling module xil_defaultlib.cpuclk_clk_wiz
Compiling module xil_defaultlib.cpuclk
Compiling module xil_defaultlib.IF_ID_Reg
Compiling module xil_defaultlib.ID_EX_Reg
Compiling module xil_defaultlib.EX_MEM_Reg
Compiling module xil_defaultlib.MEM_WB_Reg
Compiling module xil_defaultlib.Hazard
Compiling module xil_defaultlib.miniRV
Compiling module xil_defaultlib.miniRV_sim
Compiling module xil_defaultlib.glbl
Built simulation snapshot miniRV_sim_behav
INFO: [USF-XSim-69] 'elaborate' step finished in '2' seconds
INFO: [USF-XSim-4] XSim::Simulate design
INFO: [USF-XSim-61] Executing 'SIMULATE' step in 'C:/Users/Administrator/Desktop/miniRV_1/miniRV_1.sim/sim_1/behav/xsim'
INFO: [USF-XSim-98] *** Running xsim
   with args "miniRV_sim_behav -key {Behavioral:sim_1:Functional:miniRV_sim} -tclbatch {miniRV_sim.tcl} -view {C:/Users/Administrator/Desktop/miniRV_1/miniRV_sim_behav.wcfg} -log {simulate.log}"
INFO: [USF-XSim-8] Loading simulator feature
Vivado Simulator 2018.3
Time resolution is 1 ps
open_wave_config C:/Users/Administrator/Desktop/miniRV_1/miniRV_sim_behav.wcfg
source miniRV_sim.tcl
# set curr_wave [current_wave_config]
# if { [string length $curr_wave] == 0 } {
#   if { [llength [get_objects]] > 0} {
#     add_wave /
#     set_property needs_save false [current_wave_config]
#   } else {
#      send_msg_id Add_Wave-1 WARNING "No top level signals found. Simulator will start without a wave window. If you want to open a wave window go to 'File->New Waveform Configuration' or type 'create_wave_config' in the TCL console."
#   }
# }
# run 1000ns
WARNING: This core is supplied with a behavioral model. To model cycle-accurate behavior you must run timing simulation.
WARNING: This core is supplied with a behavioral model. To model cycle-accurate behavior you must run timing simulation.
Warning : input CLKIN1 period and attribute CLKIN1_PERIOD on PLLE2_ADV instance miniRV_sim.miniRV_u.UCLK.inst.plle2_adv_inst are not same.
INFO: [USF-XSim-96] XSim completed. Design snapshot 'miniRV_sim_behav' loaded.
INFO: [USF-XSim-97] XSim simulation ran for 1000ns
launch_simulation: Time (s): cpu = 00:00:03 ; elapsed = 00:00:05 . Memory (MB): peak = 958.844 ; gain = 0.000
current_wave_config {miniRV_sim_behav.wcfg}
miniRV_sim_behav.wcfg
add_wave {{/miniRV_sim/miniRV_u/IF_ID_Reg_0/IF_PC_pc}} 
current_wave_config {miniRV_sim_behav.wcfg}
miniRV_sim_behav.wcfg
add_wave {{/miniRV_sim/miniRV_u/EX_MEM_Reg_0/MEM_PC_pc}} 
current_wave_config {miniRV_sim_behav.wcfg}
miniRV_sim_behav.wcfg
add_wave {{/miniRV_sim/miniRV_u/EX_MEM_Reg_0/EX_PC_pc}} 
current_wave_config {miniRV_sim_behav.wcfg}
miniRV_sim_behav.wcfg
add_wave {{/miniRV_sim/miniRV_u/MEM_WB_Reg_0/MEM_PC_pc}} 
current_wave_config {miniRV_sim_behav.wcfg}
miniRV_sim_behav.wcfg
add_wave {{/miniRV_sim/miniRV_u/MEM_WB_Reg_0/WB_PC_pc}} 
save_wave_config {C:/Users/Administrator/Desktop/miniRV_1/miniRV_sim_behav.wcfg}
close_sim
INFO: [Simtcl 6-16] Simulation closed
launch_simulation
INFO: [Vivado 12-5698] Checking validity of IPs in the design for the 'XSim' simulator...
INFO: [Vivado 12-5682] Launching behavioral simulation in 'C:/Users/Administrator/Desktop/miniRV_1/miniRV_1.sim/sim_1/behav/xsim'
INFO: [Vivado 12-4795] Using compiled simulation libraries for IPs
INFO: [SIM-utils-51] Simulation object is 'sim_1'
INFO: [USF-XSim-7] Finding pre-compiled libraries...
INFO: [USF-XSim-11] File 'C:/Xilinx/Vivado/2018.3/data/xsim/xsim.ini' copied to run dir:'C:/Users/Administrator/Desktop/miniRV_1/miniRV_1.sim/sim_1/behav/xsim'
INFO: [SIM-utils-54] Inspecting design source files for 'miniRV_sim' in fileset 'sim_1'...
INFO: [SIM-utils-43] Exported 'C:/Users/Administrator/Desktop/miniRV_1/miniRV_1.sim/sim_1/behav/xsim/inst_mem.mif'
INFO: [SIM-utils-43] Exported 'C:/Users/Administrator/Desktop/miniRV_1/miniRV_1.sim/sim_1/behav/xsim/test.coe'
INFO: [USF-XSim-97] Finding global include files...
INFO: [USF-XSim-98] Fetching design files from 'sim_1'...
INFO: [USF-XSim-2] XSim::Compile design
INFO: [USF-XSim-61] Executing 'COMPILE and ANALYZE' step in 'C:/Users/Administrator/Desktop/miniRV_1/miniRV_1.sim/sim_1/behav/xsim'
"xvlog --incr --relax -prj miniRV_sim_vlog.prj"
INFO: [VRFC 10-2263] Analyzing Verilog file "C:/Users/Administrator/Desktop/miniRV_1/miniRV_1.srcs/sources_1/ip/cpuclk/cpuclk_clk_wiz.v" into library xil_defaultlib
INFO: [VRFC 10-311] analyzing module cpuclk_clk_wiz
INFO: [VRFC 10-2263] Analyzing Verilog file "C:/Users/Administrator/Desktop/miniRV_1/miniRV_1.srcs/sources_1/ip/cpuclk/cpuclk.v" into library xil_defaultlib
INFO: [VRFC 10-311] analyzing module cpuclk
INFO: [VRFC 10-2263] Analyzing Verilog file "C:/Users/Administrator/Desktop/miniRV_1/miniRV_1.srcs/sources_1/ip/data_mem/sim/data_mem.v" into library xil_defaultlib
INFO: [VRFC 10-311] analyzing module data_mem
INFO: [VRFC 10-2263] Analyzing Verilog file "C:/Users/Administrator/Desktop/miniRV_1/miniRV_1.srcs/sources_1/ip/inst_mem/sim/inst_mem.v" into library xil_defaultlib
INFO: [VRFC 10-311] analyzing module inst_mem
INFO: [VRFC 10-2263] Analyzing Verilog file "C:/Users/Administrator/Desktop/miniRV_1/miniRV_1.srcs/sources_1/new/ALU.v" into library xil_defaultlib
INFO: [VRFC 10-311] analyzing module ALU
INFO: [VRFC 10-2263] Analyzing Verilog file "C:/Users/Administrator/Desktop/miniRV_1/miniRV_1.srcs/sources_1/new/Branch.v" into library xil_defaultlib
INFO: [VRFC 10-311] analyzing module Branch
INFO: [VRFC 10-2263] Analyzing Verilog file "C:/Users/Administrator/Desktop/miniRV_1/miniRV_1.srcs/sources_1/new/Control.v" into library xil_defaultlib
INFO: [VRFC 10-311] analyzing module Control
INFO: [VRFC 10-2263] Analyzing Verilog file "C:/Users/Administrator/Desktop/miniRV_1/miniRV_1.srcs/sources_1/new/DMem.v" into library xil_defaultlib
INFO: [VRFC 10-311] analyzing module DMem
INFO: [VRFC 10-2263] Analyzing Verilog file "C:/Users/Administrator/Desktop/miniRV_1/miniRV_1.srcs/sources_1/new/EX_MEM_Reg.v" into library xil_defaultlib
INFO: [VRFC 10-311] analyzing module EX_MEM_Reg
INFO: [VRFC 10-2263] Analyzing Verilog file "C:/Users/Administrator/Desktop/miniRV_1/miniRV_1.srcs/sources_1/new/Hazard.v" into library xil_defaultlib
INFO: [VRFC 10-311] analyzing module Hazard
INFO: [VRFC 10-2263] Analyzing Verilog file "C:/Users/Administrator/Desktop/miniRV_1/miniRV_1.srcs/sources_1/new/ID_EX_Reg.v" into library xil_defaultlib
INFO: [VRFC 10-311] analyzing module ID_EX_Reg
INFO: [VRFC 10-2263] Analyzing Verilog file "C:/Users/Administrator/Desktop/miniRV_1/miniRV_1.srcs/sources_1/new/IF_ID_Reg.v" into library xil_defaultlib
INFO: [VRFC 10-311] analyzing module IF_ID_Reg
INFO: [VRFC 10-2263] Analyzing Verilog file "C:/Users/Administrator/Desktop/miniRV_1/miniRV_1.srcs/sources_1/new/IMem.v" into library xil_defaultlib
INFO: [VRFC 10-311] analyzing module IMem
INFO: [VRFC 10-2263] Analyzing Verilog file "C:/Users/Administrator/Desktop/miniRV_1/miniRV_1.srcs/sources_1/new/ImmGen.v" into library xil_defaultlib
INFO: [VRFC 10-311] analyzing module ImmGen
INFO: [VRFC 10-2263] Analyzing Verilog file "C:/Users/Administrator/Desktop/miniRV_1/miniRV_1.srcs/sources_1/new/MEM_WB_Reg.v" into library xil_defaultlib
INFO: [VRFC 10-311] analyzing module MEM_WB_Reg
INFO: [VRFC 10-2263] Analyzing Verilog file "C:/Users/Administrator/Desktop/miniRV_1/miniRV_1.srcs/sources_1/new/NextPC.v" into library xil_defaultlib
INFO: [VRFC 10-311] analyzing module NextPC
INFO: [VRFC 10-2263] Analyzing Verilog file "C:/Users/Administrator/Desktop/miniRV_1/miniRV_1.srcs/sources_1/new/PC.v" into library xil_defaultlib
INFO: [VRFC 10-311] analyzing module PC
INFO: [VRFC 10-2263] Analyzing Verilog file "C:/Users/Administrator/Desktop/miniRV_1/miniRV_1.srcs/sources_1/new/RegFile.v" into library xil_defaultlib
INFO: [VRFC 10-311] analyzing module RegFile
INFO: [VRFC 10-2263] Analyzing Verilog file "C:/Users/Administrator/Desktop/miniRV_1/miniRV_1.srcs/sources_1/new/miniRV.v" into library xil_defaultlib
INFO: [VRFC 10-311] analyzing module miniRV
INFO: [VRFC 10-2263] Analyzing Verilog file "C:/Users/Administrator/Desktop/miniRV_1/miniRV_1.srcs/sim_1/new/miniRV_sim.v" into library xil_defaultlib
INFO: [VRFC 10-311] analyzing module miniRV_sim
INFO: [USF-XSim-69] 'compile' step finished in '1' seconds
INFO: [USF-XSim-3] XSim::Elaborate design
INFO: [USF-XSim-61] Executing 'ELABORATE' step in 'C:/Users/Administrator/Desktop/miniRV_1/miniRV_1.sim/sim_1/behav/xsim'
Vivado Simulator 2018.3
Copyright 1986-1999, 2001-2018 Xilinx, Inc. All Rights Reserved.
Running: C:/Xilinx/Vivado/2018.3/bin/unwrapped/win64.o/xelab.exe -wto 917a801b06ea4e81bd31b10697ed07b9 --incr --debug typical --relax --mt 2 -L xil_defaultlib -L dist_mem_gen_v8_0_12 -L unisims_ver -L unimacro_ver -L secureip -L xpm --snapshot miniRV_sim_behav xil_defaultlib.miniRV_sim xil_defaultlib.glbl -log elaborate.log 
Using 2 slave threads.
Starting static elaboration
Completed static elaboration
Starting simulation data flow analysis
Completed simulation data flow analysis
Time Resolution for simulation is 1ps
Compiling module xil_defaultlib.NextPC
Compiling module xil_defaultlib.PC
Compiling module dist_mem_gen_v8_0_12.dist_mem_gen_v8_0_12(C_FAMILY="a...
Compiling module xil_defaultlib.inst_mem
Compiling module xil_defaultlib.IMem
Compiling module xil_defaultlib.RegFile
Compiling module xil_defaultlib.ImmGen
Compiling module xil_defaultlib.Branch
Compiling module xil_defaultlib.ALU
Compiling module dist_mem_gen_v8_0_12.dist_mem_gen_v8_0_12(C_FAMILY="a...
Compiling module xil_defaultlib.data_mem
Compiling module xil_defaultlib.DMem
Compiling module xil_defaultlib.Control
Compiling module unisims_ver.IBUF
Compiling module unisims_ver.PLLE2_ADV(CLKFBOUT_MULT=33,CLKIN...
Compiling module unisims_ver.BUFG
Compiling module xil_defaultlib.cpuclk_clk_wiz
Compiling module xil_defaultlib.cpuclk
Compiling module xil_defaultlib.IF_ID_Reg
Compiling module xil_defaultlib.ID_EX_Reg
Compiling module xil_defaultlib.EX_MEM_Reg
Compiling module xil_defaultlib.MEM_WB_Reg
Compiling module xil_defaultlib.Hazard
Compiling module xil_defaultlib.miniRV
Compiling module xil_defaultlib.miniRV_sim
Compiling module xil_defaultlib.glbl
Built simulation snapshot miniRV_sim_behav
INFO: [USF-XSim-69] 'elaborate' step finished in '2' seconds
INFO: [USF-XSim-4] XSim::Simulate design
INFO: [USF-XSim-61] Executing 'SIMULATE' step in 'C:/Users/Administrator/Desktop/miniRV_1/miniRV_1.sim/sim_1/behav/xsim'
INFO: [USF-XSim-98] *** Running xsim
   with args "miniRV_sim_behav -key {Behavioral:sim_1:Functional:miniRV_sim} -tclbatch {miniRV_sim.tcl} -view {C:/Users/Administrator/Desktop/miniRV_1/miniRV_sim_behav.wcfg} -log {simulate.log}"
INFO: [USF-XSim-8] Loading simulator feature
Vivado Simulator 2018.3
Time resolution is 1 ps
open_wave_config C:/Users/Administrator/Desktop/miniRV_1/miniRV_sim_behav.wcfg
source miniRV_sim.tcl
# set curr_wave [current_wave_config]
# if { [string length $curr_wave] == 0 } {
#   if { [llength [get_objects]] > 0} {
#     add_wave /
#     set_property needs_save false [current_wave_config]
#   } else {
#      send_msg_id Add_Wave-1 WARNING "No top level signals found. Simulator will start without a wave window. If you want to open a wave window go to 'File->New Waveform Configuration' or type 'create_wave_config' in the TCL console."
#   }
# }
# run 1000ns
WARNING: This core is supplied with a behavioral model. To model cycle-accurate behavior you must run timing simulation.
WARNING: This core is supplied with a behavioral model. To model cycle-accurate behavior you must run timing simulation.
Warning : input CLKIN1 period and attribute CLKIN1_PERIOD on PLLE2_ADV instance miniRV_sim.miniRV_u.UCLK.inst.plle2_adv_inst are not same.
INFO: [USF-XSim-96] XSim completed. Design snapshot 'miniRV_sim_behav' loaded.
INFO: [USF-XSim-97] XSim simulation ran for 1000ns
launch_simulation: Time (s): cpu = 00:00:02 ; elapsed = 00:00:05 . Memory (MB): peak = 964.133 ; gain = 0.961
update_compile_order -fileset sources_1
update_compile_order -fileset sources_1
save_wave_config {C:/Users/Administrator/Desktop/miniRV_1/miniRV_sim_behav.wcfg}
close_sim
INFO: [Simtcl 6-16] Simulation closed
launch_simulation
INFO: [Vivado 12-5698] Checking validity of IPs in the design for the 'XSim' simulator...
INFO: [Vivado 12-5682] Launching behavioral simulation in 'C:/Users/Administrator/Desktop/miniRV_1/miniRV_1.sim/sim_1/behav/xsim'
INFO: [Vivado 12-4795] Using compiled simulation libraries for IPs
INFO: [SIM-utils-51] Simulation object is 'sim_1'
INFO: [USF-XSim-7] Finding pre-compiled libraries...
INFO: [USF-XSim-11] File 'C:/Xilinx/Vivado/2018.3/data/xsim/xsim.ini' copied to run dir:'C:/Users/Administrator/Desktop/miniRV_1/miniRV_1.sim/sim_1/behav/xsim'
INFO: [SIM-utils-54] Inspecting design source files for 'miniRV_sim' in fileset 'sim_1'...
INFO: [SIM-utils-43] Exported 'C:/Users/Administrator/Desktop/miniRV_1/miniRV_1.sim/sim_1/behav/xsim/inst_mem.mif'
INFO: [SIM-utils-43] Exported 'C:/Users/Administrator/Desktop/miniRV_1/miniRV_1.sim/sim_1/behav/xsim/test.coe'
INFO: [USF-XSim-97] Finding global include files...
INFO: [USF-XSim-98] Fetching design files from 'sim_1'...
INFO: [USF-XSim-2] XSim::Compile design
INFO: [USF-XSim-61] Executing 'COMPILE and ANALYZE' step in 'C:/Users/Administrator/Desktop/miniRV_1/miniRV_1.sim/sim_1/behav/xsim'
"xvlog --incr --relax -prj miniRV_sim_vlog.prj"
INFO: [VRFC 10-2263] Analyzing Verilog file "C:/Users/Administrator/Desktop/miniRV_1/miniRV_1.srcs/sources_1/ip/cpuclk/cpuclk_clk_wiz.v" into library xil_defaultlib
INFO: [VRFC 10-311] analyzing module cpuclk_clk_wiz
INFO: [VRFC 10-2263] Analyzing Verilog file "C:/Users/Administrator/Desktop/miniRV_1/miniRV_1.srcs/sources_1/ip/cpuclk/cpuclk.v" into library xil_defaultlib
INFO: [VRFC 10-311] analyzing module cpuclk
INFO: [VRFC 10-2263] Analyzing Verilog file "C:/Users/Administrator/Desktop/miniRV_1/miniRV_1.srcs/sources_1/ip/data_mem/sim/data_mem.v" into library xil_defaultlib
INFO: [VRFC 10-311] analyzing module data_mem
INFO: [VRFC 10-2263] Analyzing Verilog file "C:/Users/Administrator/Desktop/miniRV_1/miniRV_1.srcs/sources_1/ip/inst_mem/sim/inst_mem.v" into library xil_defaultlib
INFO: [VRFC 10-311] analyzing module inst_mem
INFO: [VRFC 10-2263] Analyzing Verilog file "C:/Users/Administrator/Desktop/miniRV_1/miniRV_1.srcs/sources_1/new/ALU.v" into library xil_defaultlib
INFO: [VRFC 10-311] analyzing module ALU
INFO: [VRFC 10-2263] Analyzing Verilog file "C:/Users/Administrator/Desktop/miniRV_1/miniRV_1.srcs/sources_1/new/Branch.v" into library xil_defaultlib
INFO: [VRFC 10-311] analyzing module Branch
INFO: [VRFC 10-2263] Analyzing Verilog file "C:/Users/Administrator/Desktop/miniRV_1/miniRV_1.srcs/sources_1/new/Control.v" into library xil_defaultlib
INFO: [VRFC 10-311] analyzing module Control
INFO: [VRFC 10-2263] Analyzing Verilog file "C:/Users/Administrator/Desktop/miniRV_1/miniRV_1.srcs/sources_1/new/DMem.v" into library xil_defaultlib
INFO: [VRFC 10-311] analyzing module DMem
INFO: [VRFC 10-2263] Analyzing Verilog file "C:/Users/Administrator/Desktop/miniRV_1/miniRV_1.srcs/sources_1/new/EX_MEM_Reg.v" into library xil_defaultlib
INFO: [VRFC 10-311] analyzing module EX_MEM_Reg
INFO: [VRFC 10-2263] Analyzing Verilog file "C:/Users/Administrator/Desktop/miniRV_1/miniRV_1.srcs/sources_1/new/Hazard.v" into library xil_defaultlib
INFO: [VRFC 10-311] analyzing module Hazard
WARNING: [VRFC 10-3248] data object 'IF_have_inst' is already declared [C:/Users/Administrator/Desktop/miniRV_1/miniRV_1.srcs/sources_1/new/Hazard.v:157]
ERROR: [VRFC 10-3703] second declaration of 'IF_have_inst' ignored [C:/Users/Administrator/Desktop/miniRV_1/miniRV_1.srcs/sources_1/new/Hazard.v:157]
WARNING: [VRFC 10-3248] data object 'ID_have_inst' is already declared [C:/Users/Administrator/Desktop/miniRV_1/miniRV_1.srcs/sources_1/new/Hazard.v:166]
ERROR: [VRFC 10-3703] second declaration of 'ID_have_inst' ignored [C:/Users/Administrator/Desktop/miniRV_1/miniRV_1.srcs/sources_1/new/Hazard.v:166]
ERROR: [VRFC 10-2865] module 'Hazard' ignored due to previous errors [C:/Users/Administrator/Desktop/miniRV_1/miniRV_1.srcs/sources_1/new/Hazard.v:22]
INFO: [USF-XSim-69] 'compile' step finished in '1' seconds
INFO: [USF-XSim-99] Step results log file:'C:/Users/Administrator/Desktop/miniRV_1/miniRV_1.sim/sim_1/behav/xsim/xvlog.log'
ERROR: [USF-XSim-62] 'compile' step failed with error(s). Please check the Tcl console output or 'C:/Users/Administrator/Desktop/miniRV_1/miniRV_1.sim/sim_1/behav/xsim/xvlog.log' file for more information.
ERROR: [Vivado 12-4473] Detected error while running simulation. Please correct the issue and retry this operation.
ERROR: [Common 17-39] 'launch_simulation' failed due to earlier errors.
close_project
open_project C:/Users/Administrator/Desktop/miniRV_1/miniRV_1.xpr
Scanning sources...
Finished scanning sources
INFO: [IP_Flow 19-234] Refreshing IP repositories
INFO: [IP_Flow 19-1704] No user IP repositories specified
INFO: [IP_Flow 19-2313] Loaded Vivado IP repository 'C:/Xilinx/Vivado/2018.3/data/ip'.
update_compile_order -fileset sources_1
launch_simulation
INFO: [Vivado 12-5698] Checking validity of IPs in the design for the 'XSim' simulator...
INFO: [Vivado 12-5682] Launching behavioral simulation in 'C:/Users/Administrator/Desktop/miniRV_1/miniRV_1.sim/sim_1/behav/xsim'
INFO: [Vivado 12-4795] Using compiled simulation libraries for IPs
INFO: [SIM-utils-51] Simulation object is 'sim_1'
INFO: [USF-XSim-7] Finding pre-compiled libraries...
INFO: [USF-XSim-11] File 'C:/Xilinx/Vivado/2018.3/data/xsim/xsim.ini' copied to run dir:'C:/Users/Administrator/Desktop/miniRV_1/miniRV_1.sim/sim_1/behav/xsim'
INFO: [SIM-utils-54] Inspecting design source files for 'miniRV_sim' in fileset 'sim_1'...
INFO: [SIM-utils-43] Exported 'C:/Users/Administrator/Desktop/miniRV_1/miniRV_1.sim/sim_1/behav/xsim/inst_mem.mif'
INFO: [SIM-utils-43] Exported 'C:/Users/Administrator/Desktop/miniRV_1/miniRV_1.sim/sim_1/behav/xsim/test.coe'
INFO: [USF-XSim-97] Finding global include files...
INFO: [USF-XSim-98] Fetching design files from 'sim_1'...
INFO: [USF-XSim-2] XSim::Compile design
INFO: [USF-XSim-61] Executing 'COMPILE and ANALYZE' step in 'C:/Users/Administrator/Desktop/miniRV_1/miniRV_1.sim/sim_1/behav/xsim'
"xvlog --incr --relax -prj miniRV_sim_vlog.prj"
INFO: [VRFC 10-2263] Analyzing Verilog file "C:/Users/Administrator/Desktop/miniRV_1/miniRV_1.srcs/sources_1/ip/cpuclk/cpuclk_clk_wiz.v" into library xil_defaultlib
INFO: [VRFC 10-311] analyzing module cpuclk_clk_wiz
INFO: [VRFC 10-2263] Analyzing Verilog file "C:/Users/Administrator/Desktop/miniRV_1/miniRV_1.srcs/sources_1/ip/cpuclk/cpuclk.v" into library xil_defaultlib
INFO: [VRFC 10-311] analyzing module cpuclk
INFO: [VRFC 10-2263] Analyzing Verilog file "C:/Users/Administrator/Desktop/miniRV_1/miniRV_1.srcs/sources_1/ip/data_mem/sim/data_mem.v" into library xil_defaultlib
INFO: [VRFC 10-311] analyzing module data_mem
INFO: [VRFC 10-2263] Analyzing Verilog file "C:/Users/Administrator/Desktop/miniRV_1/miniRV_1.srcs/sources_1/ip/inst_mem/sim/inst_mem.v" into library xil_defaultlib
INFO: [VRFC 10-311] analyzing module inst_mem
INFO: [VRFC 10-2263] Analyzing Verilog file "C:/Users/Administrator/Desktop/miniRV_1/miniRV_1.srcs/sources_1/new/ALU.v" into library xil_defaultlib
INFO: [VRFC 10-311] analyzing module ALU
INFO: [VRFC 10-2263] Analyzing Verilog file "C:/Users/Administrator/Desktop/miniRV_1/miniRV_1.srcs/sources_1/new/Branch.v" into library xil_defaultlib
INFO: [VRFC 10-311] analyzing module Branch
INFO: [VRFC 10-2263] Analyzing Verilog file "C:/Users/Administrator/Desktop/miniRV_1/miniRV_1.srcs/sources_1/new/Control.v" into library xil_defaultlib
INFO: [VRFC 10-311] analyzing module Control
INFO: [VRFC 10-2263] Analyzing Verilog file "C:/Users/Administrator/Desktop/miniRV_1/miniRV_1.srcs/sources_1/new/DMem.v" into library xil_defaultlib
INFO: [VRFC 10-311] analyzing module DMem
INFO: [VRFC 10-2263] Analyzing Verilog file "C:/Users/Administrator/Desktop/miniRV_1/miniRV_1.srcs/sources_1/new/EX_MEM_Reg.v" into library xil_defaultlib
INFO: [VRFC 10-311] analyzing module EX_MEM_Reg
INFO: [VRFC 10-2263] Analyzing Verilog file "C:/Users/Administrator/Desktop/miniRV_1/miniRV_1.srcs/sources_1/new/Hazard.v" into library xil_defaultlib
INFO: [VRFC 10-311] analyzing module Hazard
WARNING: [VRFC 10-3248] data object 'IF_have_inst' is already declared [C:/Users/Administrator/Desktop/miniRV_1/miniRV_1.srcs/sources_1/new/Hazard.v:157]
ERROR: [VRFC 10-3703] second declaration of 'IF_have_inst' ignored [C:/Users/Administrator/Desktop/miniRV_1/miniRV_1.srcs/sources_1/new/Hazard.v:157]
WARNING: [VRFC 10-3248] data object 'ID_have_inst' is already declared [C:/Users/Administrator/Desktop/miniRV_1/miniRV_1.srcs/sources_1/new/Hazard.v:166]
ERROR: [VRFC 10-3703] second declaration of 'ID_have_inst' ignored [C:/Users/Administrator/Desktop/miniRV_1/miniRV_1.srcs/sources_1/new/Hazard.v:166]
ERROR: [VRFC 10-2865] module 'Hazard' ignored due to previous errors [C:/Users/Administrator/Desktop/miniRV_1/miniRV_1.srcs/sources_1/new/Hazard.v:22]
INFO: [USF-XSim-69] 'compile' step finished in '1' seconds
INFO: [USF-XSim-99] Step results log file:'C:/Users/Administrator/Desktop/miniRV_1/miniRV_1.sim/sim_1/behav/xsim/xvlog.log'
ERROR: [USF-XSim-62] 'compile' step failed with error(s). Please check the Tcl console output or 'C:/Users/Administrator/Desktop/miniRV_1/miniRV_1.sim/sim_1/behav/xsim/xvlog.log' file for more information.
ERROR: [Vivado 12-4473] Detected error while running simulation. Please correct the issue and retry this operation.
ERROR: [Common 17-39] 'launch_simulation' failed due to earlier errors.
launch_simulation
INFO: [Vivado 12-5698] Checking validity of IPs in the design for the 'XSim' simulator...
INFO: [Vivado 12-5682] Launching behavioral simulation in 'C:/Users/Administrator/Desktop/miniRV_1/miniRV_1.sim/sim_1/behav/xsim'
INFO: [Vivado 12-4795] Using compiled simulation libraries for IPs
INFO: [SIM-utils-51] Simulation object is 'sim_1'
INFO: [USF-XSim-7] Finding pre-compiled libraries...
INFO: [USF-XSim-11] File 'C:/Xilinx/Vivado/2018.3/data/xsim/xsim.ini' copied to run dir:'C:/Users/Administrator/Desktop/miniRV_1/miniRV_1.sim/sim_1/behav/xsim'
INFO: [SIM-utils-54] Inspecting design source files for 'miniRV_sim' in fileset 'sim_1'...
INFO: [SIM-utils-43] Exported 'C:/Users/Administrator/Desktop/miniRV_1/miniRV_1.sim/sim_1/behav/xsim/inst_mem.mif'
INFO: [SIM-utils-43] Exported 'C:/Users/Administrator/Desktop/miniRV_1/miniRV_1.sim/sim_1/behav/xsim/test.coe'
INFO: [USF-XSim-97] Finding global include files...
INFO: [USF-XSim-98] Fetching design files from 'sim_1'...
INFO: [USF-XSim-2] XSim::Compile design
INFO: [USF-XSim-61] Executing 'COMPILE and ANALYZE' step in 'C:/Users/Administrator/Desktop/miniRV_1/miniRV_1.sim/sim_1/behav/xsim'
"xvlog --incr --relax -prj miniRV_sim_vlog.prj"
INFO: [VRFC 10-2263] Analyzing Verilog file "C:/Users/Administrator/Desktop/miniRV_1/miniRV_1.srcs/sources_1/ip/cpuclk/cpuclk_clk_wiz.v" into library xil_defaultlib
INFO: [VRFC 10-311] analyzing module cpuclk_clk_wiz
INFO: [VRFC 10-2263] Analyzing Verilog file "C:/Users/Administrator/Desktop/miniRV_1/miniRV_1.srcs/sources_1/ip/cpuclk/cpuclk.v" into library xil_defaultlib
INFO: [VRFC 10-311] analyzing module cpuclk
INFO: [VRFC 10-2263] Analyzing Verilog file "C:/Users/Administrator/Desktop/miniRV_1/miniRV_1.srcs/sources_1/ip/data_mem/sim/data_mem.v" into library xil_defaultlib
INFO: [VRFC 10-311] analyzing module data_mem
INFO: [VRFC 10-2263] Analyzing Verilog file "C:/Users/Administrator/Desktop/miniRV_1/miniRV_1.srcs/sources_1/ip/inst_mem/sim/inst_mem.v" into library xil_defaultlib
INFO: [VRFC 10-311] analyzing module inst_mem
INFO: [VRFC 10-2263] Analyzing Verilog file "C:/Users/Administrator/Desktop/miniRV_1/miniRV_1.srcs/sources_1/new/ALU.v" into library xil_defaultlib
INFO: [VRFC 10-311] analyzing module ALU
INFO: [VRFC 10-2263] Analyzing Verilog file "C:/Users/Administrator/Desktop/miniRV_1/miniRV_1.srcs/sources_1/new/Branch.v" into library xil_defaultlib
INFO: [VRFC 10-311] analyzing module Branch
INFO: [VRFC 10-2263] Analyzing Verilog file "C:/Users/Administrator/Desktop/miniRV_1/miniRV_1.srcs/sources_1/new/Control.v" into library xil_defaultlib
INFO: [VRFC 10-311] analyzing module Control
INFO: [VRFC 10-2263] Analyzing Verilog file "C:/Users/Administrator/Desktop/miniRV_1/miniRV_1.srcs/sources_1/new/DMem.v" into library xil_defaultlib
INFO: [VRFC 10-311] analyzing module DMem
INFO: [VRFC 10-2263] Analyzing Verilog file "C:/Users/Administrator/Desktop/miniRV_1/miniRV_1.srcs/sources_1/new/EX_MEM_Reg.v" into library xil_defaultlib
INFO: [VRFC 10-311] analyzing module EX_MEM_Reg
INFO: [VRFC 10-2263] Analyzing Verilog file "C:/Users/Administrator/Desktop/miniRV_1/miniRV_1.srcs/sources_1/new/Hazard.v" into library xil_defaultlib
INFO: [VRFC 10-311] analyzing module Hazard
INFO: [VRFC 10-2263] Analyzing Verilog file "C:/Users/Administrator/Desktop/miniRV_1/miniRV_1.srcs/sources_1/new/ID_EX_Reg.v" into library xil_defaultlib
INFO: [VRFC 10-311] analyzing module ID_EX_Reg
INFO: [VRFC 10-2263] Analyzing Verilog file "C:/Users/Administrator/Desktop/miniRV_1/miniRV_1.srcs/sources_1/new/IF_ID_Reg.v" into library xil_defaultlib
INFO: [VRFC 10-311] analyzing module IF_ID_Reg
INFO: [VRFC 10-2263] Analyzing Verilog file "C:/Users/Administrator/Desktop/miniRV_1/miniRV_1.srcs/sources_1/new/IMem.v" into library xil_defaultlib
INFO: [VRFC 10-311] analyzing module IMem
INFO: [VRFC 10-2263] Analyzing Verilog file "C:/Users/Administrator/Desktop/miniRV_1/miniRV_1.srcs/sources_1/new/ImmGen.v" into library xil_defaultlib
INFO: [VRFC 10-311] analyzing module ImmGen
INFO: [VRFC 10-2263] Analyzing Verilog file "C:/Users/Administrator/Desktop/miniRV_1/miniRV_1.srcs/sources_1/new/MEM_WB_Reg.v" into library xil_defaultlib
INFO: [VRFC 10-311] analyzing module MEM_WB_Reg
INFO: [VRFC 10-2263] Analyzing Verilog file "C:/Users/Administrator/Desktop/miniRV_1/miniRV_1.srcs/sources_1/new/NextPC.v" into library xil_defaultlib
INFO: [VRFC 10-311] analyzing module NextPC
INFO: [VRFC 10-2263] Analyzing Verilog file "C:/Users/Administrator/Desktop/miniRV_1/miniRV_1.srcs/sources_1/new/PC.v" into library xil_defaultlib
INFO: [VRFC 10-311] analyzing module PC
INFO: [VRFC 10-2263] Analyzing Verilog file "C:/Users/Administrator/Desktop/miniRV_1/miniRV_1.srcs/sources_1/new/RegFile.v" into library xil_defaultlib
INFO: [VRFC 10-311] analyzing module RegFile
INFO: [VRFC 10-2263] Analyzing Verilog file "C:/Users/Administrator/Desktop/miniRV_1/miniRV_1.srcs/sources_1/new/miniRV.v" into library xil_defaultlib
INFO: [VRFC 10-311] analyzing module miniRV
INFO: [VRFC 10-2263] Analyzing Verilog file "C:/Users/Administrator/Desktop/miniRV_1/miniRV_1.srcs/sim_1/new/miniRV_sim.v" into library xil_defaultlib
INFO: [VRFC 10-311] analyzing module miniRV_sim
INFO: [USF-XSim-69] 'compile' step finished in '1' seconds
INFO: [USF-XSim-3] XSim::Elaborate design
INFO: [USF-XSim-61] Executing 'ELABORATE' step in 'C:/Users/Administrator/Desktop/miniRV_1/miniRV_1.sim/sim_1/behav/xsim'
Vivado Simulator 2018.3
Copyright 1986-1999, 2001-2018 Xilinx, Inc. All Rights Reserved.
Running: C:/Xilinx/Vivado/2018.3/bin/unwrapped/win64.o/xelab.exe -wto 917a801b06ea4e81bd31b10697ed07b9 --incr --debug typical --relax --mt 2 -L xil_defaultlib -L dist_mem_gen_v8_0_12 -L unisims_ver -L unimacro_ver -L secureip -L xpm --snapshot miniRV_sim_behav xil_defaultlib.miniRV_sim xil_defaultlib.glbl -log elaborate.log 
Using 2 slave threads.
Starting static elaboration
Completed static elaboration
Starting simulation data flow analysis
Completed simulation data flow analysis
Time Resolution for simulation is 1ps
Compiling module xil_defaultlib.NextPC
Compiling module xil_defaultlib.PC
Compiling module dist_mem_gen_v8_0_12.dist_mem_gen_v8_0_12(C_FAMILY="a...
Compiling module xil_defaultlib.inst_mem
Compiling module xil_defaultlib.IMem
Compiling module xil_defaultlib.RegFile
Compiling module xil_defaultlib.ImmGen
Compiling module xil_defaultlib.Branch
Compiling module xil_defaultlib.ALU
Compiling module dist_mem_gen_v8_0_12.dist_mem_gen_v8_0_12(C_FAMILY="a...
Compiling module xil_defaultlib.data_mem
Compiling module xil_defaultlib.DMem
Compiling module xil_defaultlib.Control
Compiling module unisims_ver.IBUF
Compiling module unisims_ver.PLLE2_ADV(CLKFBOUT_MULT=33,CLKIN...
Compiling module unisims_ver.BUFG
Compiling module xil_defaultlib.cpuclk_clk_wiz
Compiling module xil_defaultlib.cpuclk
Compiling module xil_defaultlib.IF_ID_Reg
Compiling module xil_defaultlib.ID_EX_Reg
Compiling module xil_defaultlib.EX_MEM_Reg
Compiling module xil_defaultlib.MEM_WB_Reg
Compiling module xil_defaultlib.Hazard
Compiling module xil_defaultlib.miniRV
Compiling module xil_defaultlib.miniRV_sim
Compiling module xil_defaultlib.glbl
Built simulation snapshot miniRV_sim_behav
INFO: [USF-XSim-69] 'elaborate' step finished in '2' seconds
INFO: [USF-XSim-4] XSim::Simulate design
INFO: [USF-XSim-61] Executing 'SIMULATE' step in 'C:/Users/Administrator/Desktop/miniRV_1/miniRV_1.sim/sim_1/behav/xsim'
INFO: [USF-XSim-98] *** Running xsim
   with args "miniRV_sim_behav -key {Behavioral:sim_1:Functional:miniRV_sim} -tclbatch {miniRV_sim.tcl} -view {C:/Users/Administrator/Desktop/miniRV_1/miniRV_sim_behav.wcfg} -log {simulate.log}"
INFO: [USF-XSim-8] Loading simulator feature
Vivado Simulator 2018.3
Time resolution is 1 ps
open_wave_config C:/Users/Administrator/Desktop/miniRV_1/miniRV_sim_behav.wcfg
WARNING: Simulation object /miniRV_sim/miniRV_u/Hazard_0/next_pipeline_stop was not found in the design.
source miniRV_sim.tcl
# set curr_wave [current_wave_config]
# if { [string length $curr_wave] == 0 } {
#   if { [llength [get_objects]] > 0} {
#     add_wave /
#     set_property needs_save false [current_wave_config]
#   } else {
#      send_msg_id Add_Wave-1 WARNING "No top level signals found. Simulator will start without a wave window. If you want to open a wave window go to 'File->New Waveform Configuration' or type 'create_wave_config' in the TCL console."
#   }
# }
# run 1000ns
WARNING: This core is supplied with a behavioral model. To model cycle-accurate behavior you must run timing simulation.
WARNING: This core is supplied with a behavioral model. To model cycle-accurate behavior you must run timing simulation.
Warning : input CLKIN1 period and attribute CLKIN1_PERIOD on PLLE2_ADV instance miniRV_sim.miniRV_u.UCLK.inst.plle2_adv_inst are not same.
INFO: [USF-XSim-96] XSim completed. Design snapshot 'miniRV_sim_behav' loaded.
INFO: [USF-XSim-97] XSim simulation ran for 1000ns
launch_simulation: Time (s): cpu = 00:00:01 ; elapsed = 00:00:05 . Memory (MB): peak = 1143.027 ; gain = 8.629
close_sim
INFO: [Simtcl 6-16] Simulation closed
exit
INFO: [Common 17-206] Exiting Vivado at Thu Jul 15 17:46:08 2021...
