#-----------------------------------------------------------
# Vivado v2018.3 (64-bit)
# SW Build 2405991 on Thu Dec  6 23:38:27 MST 2018
# IP Build 2404404 on Fri Dec  7 01:43:56 MST 2018
# Start of session at: Tue Jul 13 08:45:01 2021
# Process ID: 12192
# Current directory: C:/Users/Administrator/Desktop/miniRV_1
# Command line: vivado.exe -gui_launcher_event rodinguilauncherevent6628 C:\Users\Administrator\Desktop\miniRV_1\miniRV_1.xpr
# Log file: C:/Users/Administrator/Desktop/miniRV_1/vivado.log
# Journal file: C:/Users/Administrator/Desktop/miniRV_1\vivado.jou
#-----------------------------------------------------------
start_gui
open_project C:/Users/Administrator/Desktop/miniRV_1/miniRV_1.xpr
Scanning sources...
Finished scanning sources
INFO: [IP_Flow 19-234] Refreshing IP repositories
INFO: [IP_Flow 19-1704] No user IP repositories specified
INFO: [IP_Flow 19-2313] Loaded Vivado IP repository 'C:/Xilinx/Vivado/2018.3/data/ip'.
update_compile_order -fileset sources_1
close [ open C:/Users/Administrator/Desktop/miniRV_1/miniRV_1.srcs/sources_1/new/IF_ID_Reg.v w ]
add_files C:/Users/Administrator/Desktop/miniRV_1/miniRV_1.srcs/sources_1/new/IF_ID_Reg.v
update_compile_order -fileset sources_1
close [ open C:/Users/Administrator/Desktop/miniRV_1/miniRV_1.srcs/sources_1/new/ID_EX_Reg.v w ]
add_files C:/Users/Administrator/Desktop/miniRV_1/miniRV_1.srcs/sources_1/new/ID_EX_Reg.v
update_compile_order -fileset sources_1
close [ open C:/Users/Administrator/Desktop/miniRV_1/miniRV_1.srcs/sources_1/new/Ex_MEM_Reg.v w ]
add_files C:/Users/Administrator/Desktop/miniRV_1/miniRV_1.srcs/sources_1/new/Ex_MEM_Reg.v
update_compile_order -fileset sources_1
close [ open C:/Users/Administrator/Desktop/miniRV_1/miniRV_1.srcs/sources_1/new/MEM_WB_Reg.v w ]
add_files C:/Users/Administrator/Desktop/miniRV_1/miniRV_1.srcs/sources_1/new/MEM_WB_Reg.v
update_compile_order -fileset sources_1
export_ip_user_files -of_objects  [get_files C:/Users/Administrator/Desktop/miniRV_1/miniRV_1.srcs/sources_1/new/Ex_MEM_Reg.v] -no_script -reset -force -quiet
remove_files  C:/Users/Administrator/Desktop/miniRV_1/miniRV_1.srcs/sources_1/new/Ex_MEM_Reg.v
file delete -force C:/Users/Administrator/Desktop/miniRV_1/miniRV_1.srcs/sources_1/new/Ex_MEM_Reg.v
close [ open C:/Users/Administrator/Desktop/miniRV_1/miniRV_1.srcs/sources_1/new/EX_MEM_Reg.v w ]
add_files C:/Users/Administrator/Desktop/miniRV_1/miniRV_1.srcs/sources_1/new/EX_MEM_Reg.v
update_compile_order -fileset sources_1
close [ open C:/Users/Administrator/Desktop/miniRV_1/miniRV_1.srcs/sources_1/new/Hazard.v w ]
add_files C:/Users/Administrator/Desktop/miniRV_1/miniRV_1.srcs/sources_1/new/Hazard.v
update_compile_order -fileset sources_1
update_compile_order -fileset sources_1
update_compile_order -fileset sources_1
update_compile_order -fileset sources_1
set_property top miniRV [current_fileset]
update_compile_order -fileset sources_1
update_compile_order -fileset sources_1
exit
INFO: [Common 17-206] Exiting Vivado at Tue Jul 13 12:10:31 2021...
