INFO: [VRFC 10-2263] Analyzing Verilog file "C:/Users/Administrator/Desktop/miniRV_1/miniRV_1.srcs/sources_1/ip/cpuclk/cpuclk_clk_wiz.v" into library xil_defaultlib
INFO: [VRFC 10-311] analyzing module cpuclk_clk_wiz
INFO: [VRFC 10-2263] Analyzing Verilog file "C:/Users/Administrator/Desktop/miniRV_1/miniRV_1.srcs/sources_1/ip/cpuclk/cpuclk.v" into library xil_defaultlib
INFO: [VRFC 10-311] analyzing module cpuclk
INFO: [VRFC 10-2263] Analyzing Verilog file "C:/Users/Administrator/Desktop/miniRV_1/miniRV_1.srcs/sources_1/ip/data_mem/sim/data_mem.v" into library xil_defaultlib
INFO: [VRFC 10-311] analyzing module data_mem
INFO: [VRFC 10-2263] Analyzing Verilog file "C:/Users/Administrator/Desktop/miniRV_1/miniRV_1.srcs/sources_1/ip/inst_mem/sim/inst_mem.v" into library xil_defaultlib
INFO: [VRFC 10-311] analyzing module inst_mem
INFO: [VRFC 10-2263] Analyzing Verilog file "C:/Users/Administrator/Desktop/miniRV_1/miniRV_1.srcs/sources_1/new/ALU.v" into library xil_defaultlib
INFO: [VRFC 10-311] analyzing module ALU
INFO: [VRFC 10-2263] Analyzing Verilog file "C:/Users/Administrator/Desktop/miniRV_1/miniRV_1.srcs/sources_1/new/Branch.v" into library xil_defaultlib
INFO: [VRFC 10-311] analyzing module Branch
INFO: [VRFC 10-2263] Analyzing Verilog file "C:/Users/Administrator/Desktop/miniRV_1/miniRV_1.srcs/sources_1/new/Control.v" into library xil_defaultlib
INFO: [VRFC 10-311] analyzing module Control
INFO: [VRFC 10-2263] Analyzing Verilog file "C:/Users/Administrator/Desktop/miniRV_1/miniRV_1.srcs/sources_1/new/DMem.v" into library xil_defaultlib
INFO: [VRFC 10-311] analyzing module DMem
INFO: [VRFC 10-2263] Analyzing Verilog file "C:/Users/Administrator/Desktop/miniRV_1/miniRV_1.srcs/sources_1/new/EX_MEM_Reg.v" into library xil_defaultlib
INFO: [VRFC 10-311] analyzing module EX_MEM_Reg
INFO: [VRFC 10-2263] Analyzing Verilog file "C:/Users/Administrator/Desktop/miniRV_1/miniRV_1.srcs/sources_1/new/Hazard.v" into library xil_defaultlib
INFO: [VRFC 10-311] analyzing module Hazard
INFO: [VRFC 10-2263] Analyzing Verilog file "C:/Users/Administrator/Desktop/miniRV_1/miniRV_1.srcs/sources_1/new/ID_EX_Reg.v" into library xil_defaultlib
INFO: [VRFC 10-311] analyzing module ID_EX_Reg
INFO: [VRFC 10-2263] Analyzing Verilog file "C:/Users/Administrator/Desktop/miniRV_1/miniRV_1.srcs/sources_1/new/IF_ID_Reg.v" into library xil_defaultlib
INFO: [VRFC 10-311] analyzing module IF_ID_Reg
INFO: [VRFC 10-2263] Analyzing Verilog file "C:/Users/Administrator/Desktop/miniRV_1/miniRV_1.srcs/sources_1/new/IMem.v" into library xil_defaultlib
INFO: [VRFC 10-311] analyzing module IMem
INFO: [VRFC 10-2263] Analyzing Verilog file "C:/Users/Administrator/Desktop/miniRV_1/miniRV_1.srcs/sources_1/new/ImmGen.v" into library xil_defaultlib
INFO: [VRFC 10-311] analyzing module ImmGen
INFO: [VRFC 10-2263] Analyzing Verilog file "C:/Users/Administrator/Desktop/miniRV_1/miniRV_1.srcs/sources_1/new/MEM_WB_Reg.v" into library xil_defaultlib
INFO: [VRFC 10-311] analyzing module MEM_WB_Reg
INFO: [VRFC 10-2263] Analyzing Verilog file "C:/Users/Administrator/Desktop/miniRV_1/miniRV_1.srcs/sources_1/new/NextPC.v" into library xil_defaultlib
INFO: [VRFC 10-311] analyzing module NextPC
INFO: [VRFC 10-2263] Analyzing Verilog file "C:/Users/Administrator/Desktop/miniRV_1/miniRV_1.srcs/sources_1/new/PC.v" into library xil_defaultlib
INFO: [VRFC 10-311] analyzing module PC
INFO: [VRFC 10-2263] Analyzing Verilog file "C:/Users/Administrator/Desktop/miniRV_1/miniRV_1.srcs/sources_1/new/RegFile.v" into library xil_defaultlib
INFO: [VRFC 10-311] analyzing module RegFile
INFO: [VRFC 10-2263] Analyzing Verilog file "C:/Users/Administrator/Desktop/miniRV_1/miniRV_1.srcs/sources_1/new/miniRV.v" into library xil_defaultlib
INFO: [VRFC 10-311] analyzing module miniRV
INFO: [VRFC 10-2263] Analyzing Verilog file "C:/Users/Administrator/Desktop/miniRV_1/miniRV_1.srcs/sim_1/new/miniRV_sim.v" into library xil_defaultlib
INFO: [VRFC 10-311] analyzing module miniRV_sim
